<?xml version="1.0" encoding="UTF-8"?>
<!-- Generated by org.testng.reporters.JUnitReportReporter -->
<testsuite hostname="DESKTOP-HT8K5GM" name="Generatelogs.Generatelogs.LoginTest" tests="2" failures="0" timestamp="10 Jan 2018 11:39:57 GMT" time="19.678" errors="0">
  <testcase name="validateCRMImage" time="10.366" classname="Generatelogs.Generatelogs.LoginTest"/>
  <testcase name="validateLoginPageTitle" time="9.312" classname="Generatelogs.Generatelogs.LoginTest"/>
</testsuite> <!-- Generatelogs.Generatelogs.LoginTest -->
